<?xml version="1.0" encoding="UTF-8"?>
<testsuite xmlns:xsi="http://www.w3.org/2001/XMLSchema-instance" xsi:noNamespaceSchemaLocation="https://maven.apache.org/surefire/maven-surefire-plugin/xsd/surefire-test-report.xsd" name="com.zjy.mmy.controller.UserControllerTest" time="0.318" tests="3" errors="0" skipped="0" failures="0">
  <properties>
    <property name="sun.desktop" value="windows"/>
    <property name="awt.toolkit" value="sun.awt.windows.WToolkit"/>
    <property name="file.encoding.pkg" value="sun.io"/>
    <property name="java.specification.version" value="1.8"/>
    <property name="sun.cpu.isalist" value="amd64"/>
    <property name="sun.jnu.encoding" value="GBK"/>
    <property name="java.class.path" value="D:\IdeaProjects\mmy\target\test-classes;D:\IdeaProjects\mmy\target\classes;D:\Maven\maven_repository\junit\junit\4.12\junit-4.12.jar;D:\Maven\maven_repository\org\hamcrest\hamcrest-core\1.3\hamcrest-core-1.3.jar;D:\Maven\maven_repository\org\projectlombok\lombok\1.16.22\lombok-1.16.22.jar;D:\Maven\maven_repository\javax\servlet\javax.servlet-api\4.0.1\javax.servlet-api-4.0.1.jar;D:\Maven\maven_repository\org\springframework\spring-core\5.1.6.RELEASE\spring-core-5.1.6.RELEASE.jar;D:\Maven\maven_repository\org\springframework\spring-jcl\5.1.6.RELEASE\spring-jcl-5.1.6.RELEASE.jar;D:\Maven\maven_repository\org\springframework\spring-beans\5.1.6.RELEASE\spring-beans-5.1.6.RELEASE.jar;D:\Maven\maven_repository\org\springframework\spring-context\5.1.6.RELEASE\spring-context-5.1.6.RELEASE.jar;D:\Maven\maven_repository\org\springframework\spring-expression\5.1.6.RELEASE\spring-expression-5.1.6.RELEASE.jar;D:\Maven\maven_repository\org\springframework\spring-context-support\5.1.6.RELEASE\spring-context-support-5.1.6.RELEASE.jar;D:\Maven\maven_repository\org\springframework\spring-web\5.1.6.RELEASE\spring-web-5.1.6.RELEASE.jar;D:\Maven\maven_repository\org\springframework\spring-test\5.1.6.RELEASE\spring-test-5.1.6.RELEASE.jar;D:\Maven\maven_repository\org\springframework\spring-webmvc\5.1.6.RELEASE\spring-webmvc-5.1.6.RELEASE.jar;D:\Maven\maven_repository\org\springframework\spring-tx\5.1.6.RELEASE\spring-tx-5.1.6.RELEASE.jar;D:\Maven\maven_repository\org\springframework\spring-jdbc\5.1.6.RELEASE\spring-jdbc-5.1.6.RELEASE.jar;D:\Maven\maven_repository\org\springframework\spring-aop\5.1.6.RELEASE\spring-aop-5.1.6.RELEASE.jar;D:\Maven\maven_repository\org\springframework\spring-aspects\5.1.6.RELEASE\spring-aspects-5.1.6.RELEASE.jar;D:\Maven\maven_repository\org\aspectj\aspectjweaver\1.9.2\aspectjweaver-1.9.2.jar;D:\Maven\maven_repository\org\mybatis\mybatis\3.5.0\mybatis-3.5.0.jar;D:\Maven\maven_repository\org\mybatis\mybatis-spring\2.0.1\mybatis-spring-2.0.1.jar;D:\Maven\maven_repository\mysql\mysql-connector-java\8.0.15\mysql-connector-java-8.0.15.jar;D:\Maven\maven_repository\com\google\protobuf\protobuf-java\3.6.1\protobuf-java-3.6.1.jar;D:\Maven\maven_repository\com\alibaba\druid\1.1.16\druid-1.1.16.jar;D:\Maven\maven_repository\log4j\log4j\1.2.17\log4j-1.2.17.jar;D:\Maven\maven_repository\org\slf4j\slf4j-api\1.7.26\slf4j-api-1.7.26.jar;D:\Maven\maven_repository\org\slf4j\slf4j-log4j12\1.7.26\slf4j-log4j12-1.7.26.jar;D:\Maven\maven_repository\commons-logging\commons-logging\1.2\commons-logging-1.2.jar;D:\Maven\maven_repository\commons-fileupload\commons-fileupload\1.2.2\commons-fileupload-1.2.2.jar;D:\Maven\maven_repository\commons-io\commons-io\2.4\commons-io-2.4.jar;D:\Maven\maven_repository\com\fasterxml\jackson\core\jackson-databind\2.9.9\jackson-databind-2.9.9.jar;D:\Maven\maven_repository\com\fasterxml\jackson\core\jackson-core\2.9.9\jackson-core-2.9.9.jar;D:\Maven\maven_repository\com\fasterxml\jackson\core\jackson-annotations\2.9.9\jackson-annotations-2.9.9.jar;D:\Maven\maven_repository\org\apache\commons\commons-lang3\3.5\commons-lang3-3.5.jar;D:\Maven\maven_repository\commons-beanutils\commons-beanutils\1.9.3\commons-beanutils-1.9.3.jar;D:\Maven\maven_repository\commons-collections\commons-collections\3.2.2\commons-collections-3.2.2.jar;D:\Maven\maven_repository\com\google\code\gson\gson\2.8.5\gson-2.8.5.jar;D:\Maven\maven_repository\javax\servlet\jstl\1.2\jstl-1.2.jar;D:\Maven\maven_repository\redis\clients\jedis\2.9.0\jedis-2.9.0.jar;D:\Maven\maven_repository\org\apache\commons\commons-pool2\2.4.2\commons-pool2-2.4.2.jar;D:\Maven\maven_repository\javax\validation\validation-api\2.0.1.Final\validation-api-2.0.1.Final.jar;"/>
    <property name="java.vm.vendor" value="Oracle Corporation"/>
    <property name="sun.arch.data.model" value="64"/>
    <property name="user.variant" value=""/>
    <property name="java.vendor.url" value="http://java.oracle.com/"/>
    <property name="user.timezone" value="Asia/Shanghai"/>
    <property name="java.vm.specification.version" value="1.8"/>
    <property name="os.name" value="Windows 10"/>
    <property name="user.country" value="CN"/>
    <property name="sun.java.launcher" value="SUN_STANDARD"/>
    <property name="sun.boot.library.path" value="C:\Program Files\Java\jdk1.8.0_201\jre\bin"/>
    <property name="sun.java.command" value="C:\Users\Lenovo\AppData\Local\Temp\surefire7855202229726416220\surefirebooter6892561571969104714.jar C:\Users\Lenovo\AppData\Local\Temp\surefire7855202229726416220 2019-07-10T21-35-17_359-jvmRun1 surefire5356967315001714124tmp surefire_06936903419231423131tmp"/>
    <property name="surefire.test.class.path" value="D:\IdeaProjects\mmy\target\test-classes;D:\IdeaProjects\mmy\target\classes;D:\Maven\maven_repository\junit\junit\4.12\junit-4.12.jar;D:\Maven\maven_repository\org\hamcrest\hamcrest-core\1.3\hamcrest-core-1.3.jar;D:\Maven\maven_repository\org\projectlombok\lombok\1.16.22\lombok-1.16.22.jar;D:\Maven\maven_repository\javax\servlet\javax.servlet-api\4.0.1\javax.servlet-api-4.0.1.jar;D:\Maven\maven_repository\org\springframework\spring-core\5.1.6.RELEASE\spring-core-5.1.6.RELEASE.jar;D:\Maven\maven_repository\org\springframework\spring-jcl\5.1.6.RELEASE\spring-jcl-5.1.6.RELEASE.jar;D:\Maven\maven_repository\org\springframework\spring-beans\5.1.6.RELEASE\spring-beans-5.1.6.RELEASE.jar;D:\Maven\maven_repository\org\springframework\spring-context\5.1.6.RELEASE\spring-context-5.1.6.RELEASE.jar;D:\Maven\maven_repository\org\springframework\spring-expression\5.1.6.RELEASE\spring-expression-5.1.6.RELEASE.jar;D:\Maven\maven_repository\org\springframework\spring-context-support\5.1.6.RELEASE\spring-context-support-5.1.6.RELEASE.jar;D:\Maven\maven_repository\org\springframework\spring-web\5.1.6.RELEASE\spring-web-5.1.6.RELEASE.jar;D:\Maven\maven_repository\org\springframework\spring-test\5.1.6.RELEASE\spring-test-5.1.6.RELEASE.jar;D:\Maven\maven_repository\org\springframework\spring-webmvc\5.1.6.RELEASE\spring-webmvc-5.1.6.RELEASE.jar;D:\Maven\maven_repository\org\springframework\spring-tx\5.1.6.RELEASE\spring-tx-5.1.6.RELEASE.jar;D:\Maven\maven_repository\org\springframework\spring-jdbc\5.1.6.RELEASE\spring-jdbc-5.1.6.RELEASE.jar;D:\Maven\maven_repository\org\springframework\spring-aop\5.1.6.RELEASE\spring-aop-5.1.6.RELEASE.jar;D:\Maven\maven_repository\org\springframework\spring-aspects\5.1.6.RELEASE\spring-aspects-5.1.6.RELEASE.jar;D:\Maven\maven_repository\org\aspectj\aspectjweaver\1.9.2\aspectjweaver-1.9.2.jar;D:\Maven\maven_repository\org\mybatis\mybatis\3.5.0\mybatis-3.5.0.jar;D:\Maven\maven_repository\org\mybatis\mybatis-spring\2.0.1\mybatis-spring-2.0.1.jar;D:\Maven\maven_repository\mysql\mysql-connector-java\8.0.15\mysql-connector-java-8.0.15.jar;D:\Maven\maven_repository\com\google\protobuf\protobuf-java\3.6.1\protobuf-java-3.6.1.jar;D:\Maven\maven_repository\com\alibaba\druid\1.1.16\druid-1.1.16.jar;D:\Maven\maven_repository\log4j\log4j\1.2.17\log4j-1.2.17.jar;D:\Maven\maven_repository\org\slf4j\slf4j-api\1.7.26\slf4j-api-1.7.26.jar;D:\Maven\maven_repository\org\slf4j\slf4j-log4j12\1.7.26\slf4j-log4j12-1.7.26.jar;D:\Maven\maven_repository\commons-logging\commons-logging\1.2\commons-logging-1.2.jar;D:\Maven\maven_repository\commons-fileupload\commons-fileupload\1.2.2\commons-fileupload-1.2.2.jar;D:\Maven\maven_repository\commons-io\commons-io\2.4\commons-io-2.4.jar;D:\Maven\maven_repository\com\fasterxml\jackson\core\jackson-databind\2.9.9\jackson-databind-2.9.9.jar;D:\Maven\maven_repository\com\fasterxml\jackson\core\jackson-core\2.9.9\jackson-core-2.9.9.jar;D:\Maven\maven_repository\com\fasterxml\jackson\core\jackson-annotations\2.9.9\jackson-annotations-2.9.9.jar;D:\Maven\maven_repository\org\apache\commons\commons-lang3\3.5\commons-lang3-3.5.jar;D:\Maven\maven_repository\commons-beanutils\commons-beanutils\1.9.3\commons-beanutils-1.9.3.jar;D:\Maven\maven_repository\commons-collections\commons-collections\3.2.2\commons-collections-3.2.2.jar;D:\Maven\maven_repository\com\google\code\gson\gson\2.8.5\gson-2.8.5.jar;D:\Maven\maven_repository\javax\servlet\jstl\1.2\jstl-1.2.jar;D:\Maven\maven_repository\redis\clients\jedis\2.9.0\jedis-2.9.0.jar;D:\Maven\maven_repository\org\apache\commons\commons-pool2\2.4.2\commons-pool2-2.4.2.jar;D:\Maven\maven_repository\javax\validation\validation-api\2.0.1.Final\validation-api-2.0.1.Final.jar;"/>
    <property name="sun.cpu.endian" value="little"/>
    <property name="user.home" value="C:\Users\Lenovo"/>
    <property name="user.language" value="zh"/>
    <property name="java.specification.vendor" value="Oracle Corporation"/>
    <property name="java.home" value="C:\Program Files\Java\jdk1.8.0_201\jre"/>
    <property name="basedir" value="D:\IdeaProjects\mmy"/>
    <property name="file.separator" value="\"/>
    <property name="line.separator" value="&#10;"/>
    <property name="java.vm.specification.vendor" value="Oracle Corporation"/>
    <property name="java.specification.name" value="Java Platform API Specification"/>
    <property name="java.awt.graphicsenv" value="sun.awt.Win32GraphicsEnvironment"/>
    <property name="surefire.real.class.path" value="C:\Users\Lenovo\AppData\Local\Temp\surefire7855202229726416220\surefirebooter6892561571969104714.jar"/>
    <property name="sun.boot.class.path" value="C:\Program Files\Java\jdk1.8.0_201\jre\lib\resources.jar;C:\Program Files\Java\jdk1.8.0_201\jre\lib\rt.jar;C:\Program Files\Java\jdk1.8.0_201\jre\lib\sunrsasign.jar;C:\Program Files\Java\jdk1.8.0_201\jre\lib\jsse.jar;C:\Program Files\Java\jdk1.8.0_201\jre\lib\jce.jar;C:\Program Files\Java\jdk1.8.0_201\jre\lib\charsets.jar;C:\Program Files\Java\jdk1.8.0_201\jre\lib\jfr.jar;C:\Program Files\Java\jdk1.8.0_201\jre\classes"/>
    <property name="user.script" value=""/>
    <property name="sun.management.compiler" value="HotSpot 64-Bit Tiered Compilers"/>
    <property name="java.runtime.version" value="1.8.0_201-b09"/>
    <property name="user.name" value="Lenovo"/>
    <property name="path.separator" value=";"/>
    <property name="os.version" value="10.0"/>
    <property name="java.endorsed.dirs" value="C:\Program Files\Java\jdk1.8.0_201\jre\lib\endorsed"/>
    <property name="java.runtime.name" value="Java(TM) SE Runtime Environment"/>
    <property name="file.encoding" value="GBK"/>
    <property name="java.vm.name" value="Java HotSpot(TM) 64-Bit Server VM"/>
    <property name="localRepository" value="D:\Maven\maven_repository"/>
    <property name="java.vendor.url.bug" value="http://bugreport.sun.com/bugreport/"/>
    <property name="java.io.tmpdir" value="C:\Users\Lenovo\AppData\Local\Temp\"/>
    <property name="java.version" value="1.8.0_201"/>
    <property name="user.dir" value="D:\IdeaProjects\mmy"/>
    <property name="os.arch" value="amd64"/>
    <property name="java.vm.specification.name" value="Java Virtual Machine Specification"/>
    <property name="java.awt.printerjob" value="sun.awt.windows.WPrinterJob"/>
    <property name="idea.version2019.1.3" value="true"/>
    <property name="sun.os.patch.level" value=""/>
    <property name="java.library.path" value="C:\Program Files\Java\jdk1.8.0_201\jre\bin;C:\WINDOWS\Sun\Java\bin;C:\WINDOWS\system32;C:\WINDOWS;D:\Program Files (x86)\NetSarang\Xftp 6\;C:\Program Files\Python37\Scripts\;C:\Program Files\Python37\;C:\Program Files\Java\jdk1.8.0_201\bin;C:\Program Files\Java\jdk1.8.0_201\jre\bin;C:\Program Files (x86)\Common Files\Oracle\Java\javapath;C:\Program Files (x86)\NetSarang\Xshell 6\;C:\Program Files\MySQL\MySQL Server 8.0\bin;C:\Program Files (x86)\Intel\iCLS Client\;C:\Program Files\Intel\iCLS Client\;C:\Windows\system32;C:\Windows;C:\Windows\System32\Wbem;C:\Windows\System32\WindowsPowerShell\v1.0\;C:\Program Files (x86)\NVIDIA Corporation\PhysX\Common;C:\Program Files\Intel\WiFi\bin\;C:\Program Files\Common Files\Intel\WirelessCommon\;C:\Program Files (x86)\Intel\Intel(R) Management Engine Components\DAL;C:\Program Files\Intel\Intel(R) Management Engine Components\DAL;C:\Program Files (x86)\Intel\Intel(R) Management Engine Components\IPT;C:\Program Files\Intel\Intel(R) Management Engine Components\IPT;C:\WINDOWS\system32;C:\WINDOWS;C:\WINDOWS\System32\Wbem;C:\WINDOWS\System32\WindowsPowerShell\v1.0\;C:\WINDOWS\System32\OpenSSH\;C:\Users\Lenovo\.dnx\bin;C:\Program Files\Microsoft DNX\Dnvm\;C:\Program Files\Microsoft SQL Server\130\Tools\Binn\;C:\Program Files (x86)\Windows Kits\10\Windows Performance Toolkit\;D:\Program Files\Microsoft VS Code\bin;D:\Server\php7;C:\Program Files (x86)\Microsoft SQL Server\Client SDK\ODBC\130\Tools\Binn\;C:\Program Files (x86)\Microsoft SQL Server\140\Tools\Binn\;C:\Program Files (x86)\Microsoft SQL Server\140\DTS\Binn\;C:\Program Files (x86)\Microsoft SQL Server\140\Tools\Binn\ManagementStudio\;C:\Program Files (x86)\Microsoft SQL Server\110\Tools\Binn\;C:\Program Files\Microsoft SQL Server\110\Tools\Binn\;C:\Program Files\Microsoft SQL Server\110\DTS\Binn\;C:\Program Files (x86)\Microsoft SQL Server\110\Tools\Binn\ManagementStudio\;C:\Program Files (x86)\Microsoft Visual Studio 10.0\Common7\IDE\PrivateAssemblies\;C:\Program Files (x86)\Microsoft SQL Server\110\DTS\Binn\;d:\Program Files\Git\cmd;C:\Program Files\nodejs\;D:\apache-maven-3.5.2\bin;C:\WINDOWS\system32;C:\WINDOWS;C:\WINDOWS\System32\Wbem;C:\WINDOWS\System32\WindowsPowerShell\v1.0\;C:\WINDOWS\System32\OpenSSH\;C:\Program Files\MySQL\MySQL Server 8.0\bin;D:\Python\Python37-32\Scripts\;D:\Python\Python37-32\;C:\Program Files\Intel\WiFi\bin\;C:\Program Files\Common Files\Intel\WirelessCommon\;C:\Users\Lenovo\AppData\Local\Microsoft\WindowsApps;D:\Microsoft VS Code\bin;C:\Users\Lenovo\AppData\Roaming\npm;;C:\Users\Lenovo\AppData\Local\Microsoft\WindowsApps;."/>
    <property name="java.vm.info" value="mixed mode"/>
    <property name="java.vendor" value="Oracle Corporation"/>
    <property name="java.vm.version" value="25.201-b09"/>
    <property name="java.ext.dirs" value="C:\Program Files\Java\jdk1.8.0_201\jre\lib\ext;C:\WINDOWS\Sun\Java\lib\ext"/>
    <property name="sun.io.unicode.encoding" value="UnicodeLittle"/>
    <property name="maven.repo.local" value="D:\Maven\maven_repository"/>
    <property name="java.class.version" value="52.0"/>
  </properties>
  <testcase name="addTest" classname="com.zjy.mmy.controller.UserControllerTest" time="0.172"/>
  <testcase name="updateTest" classname="com.zjy.mmy.controller.UserControllerTest" time="0.096"/>
  <testcase name="getTest" classname="com.zjy.mmy.controller.UserControllerTest" time="0.048"/>
</testsuite>